[?1034h#       a       b     E     k   Ete       E%  I95inf%  I95sup%
#-------- ------- ----- ----- ----- -------- -------- --------
    0.01     0.01     0    16    20      6.7      3.8      9.5
    0.01      0.1     0    10    19      6.3      3.6      9.1
    0.01    1e+01     0   125    13      4.3      2.0      6.6
    0.01    1e+02   165   200    10      3.3      1.3      5.4
    0.01    1e+03   544   200    29      9.7      6.3     13.0
    0.01    1e+04   700   200    55     18.3     14.0     22.7
     0.1     0.01     0    13    17      5.7      3.1      8.3
     0.1      0.1     0    16    20      6.7      3.8      9.5
     0.1    1e+01     0    22    16      5.3      2.8      7.9
     0.1    1e+02     0   125    13      4.3      2.0      6.6
     0.1    1e+03   165   200    10      3.3      1.3      5.4
     0.1    1e+04   544   200    29      9.7      6.3     13.0
   1e+01     0.01     0    12    16      5.3      2.8      7.9
   1e+01      0.1     0     8    15      5.0      2.5      7.5
   1e+01    1e+01     0    16    20      6.7      3.8      9.5
   1e+01    1e+02     0    10    19      6.3      3.6      9.1
   1e+01    1e+03     0    22    16      5.3      2.8      7.9
   1e+01    1e+04     0   125    13      4.3      2.0      6.6
